********************************************************************************
DUPLICATOR-LITE PACKAGE-LOG: September 17, 2019 10:54 am
NOTICE: Do NOT post to public sites or forums 
********************************************************************************
VERSION:	1.3.22
WORDPRESS:	5.2.3
PHP INFO:	7.2.20 | SAPI: apache2handler
SERVER:		Apache/2.4.39 (Unix) OpenSSL/1.0.2s PHP/7.2.20 mod_perl/2.0.8-dev Perl/v5.16.3 
PHP TIME LIMIT: (0) no time limit imposed 
PHP MAX MEMORY: 4294967296 (128M default) 
MEMORY STACK: 38.25MB

********************************************************************************
DATABASE:
********************************************************************************
BUILD MODE:   PHP(query limit - 100)
MYSQLTIMEOUT: 5000
MYSQLDUMP:    Not Supported
TABLES: total:25 | filtered:0 | create:25
FILTERED: []
SQL CREATED: 20190917_landing_20b1fb0623618ae95883_20190917105326_database.sql
SQL FILE SIZE: 1.55MB (1624834)
SQL FILE TIME: 2019-09-17 10:54:05
SQL RUNTIME: 0.40 sec.

********************************************************************************
ARCHIVE (ZIP):
********************************************************************************
ARCHIVE DIR:  /opt/lampp/htdocs/wp/landing
ARCHIVE FILE: 20190917_landing_20b1fb0623618ae95883_20190917105326_archive.zip
FILTERS: *OFF*
DIRS:
	not set
FILES:
	not set
EXTS:  not set
----------------------------------------
COMPRESSING
SIZE:	77.01MB
STATS:	Dirs 437 | Files 4,412
SQL ADDED: 20190917_landing_20b1fb0623618ae95883_20190917105326_database.sql
ZipArchive Object
(
    [status] => 0
    [statusSys] => 0
    [numFiles] => 4849
    [filename] => /opt/lampp/htdocs/wp/landing/wp-snapshots/tmp/20190917_landing_20b1fb0623618ae95883_20190917105326_archive.zip
    [comment] => 
)

FILE ADDED TO ZIP: 4848
COMPRESSION RESULT: '1'
COMPRESSED SIZE: 29.99MB
ARCHIVE RUNTIME: 10.17 sec.
MEMORY STACK: 40.25MB
building installer
add_extra_files1
add_extra_files2
add_extra_files3
add_extra_files4
Doing archive file check
add_extra_files5
add_extra_files6
add_extra_files8
Successfully opened zip /opt/lampp/htdocs/wp/landing/wp-snapshots/tmp/20190917_landing_20b1fb0623618ae95883_20190917105326_archive.zip
Adding enhanced installer files to archive using ZipArchive
Installer files added to archive
Added to archive
After ziparchive close when adding installer

********************************************************************************
INTEGRITY CHECKS:
********************************************************************************
SQL FILE: 1.55MB
INSTALLER FILE: 60.53KB
ARCHIVE FILE: 31.32MB 
EXPECTED FILE/DIRECTORY COUNT: 4,849
ACTUAL FILE/DIRECTORY COUNT: 4,848
ARCHIVE CONSISTENCY TEST: Pass

********************************************************************************
RECORD ID:[1]
TOTAL PROCESS RUNTIME: 11.46 sec.
PEAK PHP MEMORY USED: 42.25MB
DONE PROCESSING => 20190917_landing September 17, 2019 10:54 am

